Determining if the pthread_create exist failed with the following output:
Change Dir: /home/geral/ClionProjects/PCINFO2016/MontanhaRussa_Thread/cmake-build-debug/CMakeFiles/CMakeTmp

Run Build Command:"/usr/bin/make" "cmTC_775ea/fast"
make[1]: Entering directory '/home/geral/ClionProjects/PCINFO2016/MontanhaRussa_Thread/cmake-build-debug/CMakeFiles/CMakeTmp'
/usr/bin/make -f CMakeFiles/cmTC_775ea.dir/build.make CMakeFiles/cmTC_775ea.dir/build
make[2]: Entering directory '/home/geral/ClionProjects/PCINFO2016/MontanhaRussa_Thread/cmake-build-debug/CMakeFiles/CMakeTmp'
Building C object CMakeFiles/cmTC_775ea.dir/CheckSymbolExists.c.o
/usr/bin/cc     -o CMakeFiles/cmTC_775ea.dir/CheckSymbolExists.c.o   -c /home/geral/ClionProjects/PCINFO2016/MontanhaRussa_Thread/cmake-build-debug/CMakeFiles/CMakeTmp/CheckSymbolExists.c
Linking C executable cmTC_775ea
/home/geral/Público/clion-2016.3/bin/cmake/bin/cmake -E cmake_link_script CMakeFiles/cmTC_775ea.dir/link.txt --verbose=1
/usr/bin/cc       CMakeFiles/cmTC_775ea.dir/CheckSymbolExists.c.o  -o cmTC_775ea 
CMakeFiles/cmTC_775ea.dir/CheckSymbolExists.c.o: na função `main':
CheckSymbolExists.c:(.text+0x16): referência indefinida para `pthread_create'
collect2: error: ld returned 1 exit status
CMakeFiles/cmTC_775ea.dir/build.make:97: recipe for target 'cmTC_775ea' failed
make[2]: *** [cmTC_775ea] Error 1
make[2]: Leaving directory '/home/geral/ClionProjects/PCINFO2016/MontanhaRussa_Thread/cmake-build-debug/CMakeFiles/CMakeTmp'
Makefile:126: recipe for target 'cmTC_775ea/fast' failed
make[1]: *** [cmTC_775ea/fast] Error 2
make[1]: Leaving directory '/home/geral/ClionProjects/PCINFO2016/MontanhaRussa_Thread/cmake-build-debug/CMakeFiles/CMakeTmp'

File /home/geral/ClionProjects/PCINFO2016/MontanhaRussa_Thread/cmake-build-debug/CMakeFiles/CMakeTmp/CheckSymbolExists.c:
/* */
#include <pthread.h>

int main(int argc, char** argv)
{
  (void)argv;
#ifndef pthread_create
  return ((int*)(&pthread_create))[argc];
#else
  (void)argc;
  return 0;
#endif
}

Determining if the function pthread_create exists in the pthreads failed with the following output:
Change Dir: /home/geral/ClionProjects/PCINFO2016/MontanhaRussa_Thread/cmake-build-debug/CMakeFiles/CMakeTmp

Run Build Command:"/usr/bin/make" "cmTC_04762/fast"
make[1]: Entering directory '/home/geral/ClionProjects/PCINFO2016/MontanhaRussa_Thread/cmake-build-debug/CMakeFiles/CMakeTmp'
/usr/bin/make -f CMakeFiles/cmTC_04762.dir/build.make CMakeFiles/cmTC_04762.dir/build
make[2]: Entering directory '/home/geral/ClionProjects/PCINFO2016/MontanhaRussa_Thread/cmake-build-debug/CMakeFiles/CMakeTmp'
Building C object CMakeFiles/cmTC_04762.dir/CheckFunctionExists.c.o
/usr/bin/cc    -DCHECK_FUNCTION_EXISTS=pthread_create   -o CMakeFiles/cmTC_04762.dir/CheckFunctionExists.c.o   -c /home/geral/Público/clion-2016.3/bin/cmake/share/cmake-3.6/Modules/CheckFunctionExists.c
Linking C executable cmTC_04762
/home/geral/Público/clion-2016.3/bin/cmake/bin/cmake -E cmake_link_script CMakeFiles/cmTC_04762.dir/link.txt --verbose=1
/usr/bin/cc   -DCHECK_FUNCTION_EXISTS=pthread_create    CMakeFiles/cmTC_04762.dir/CheckFunctionExists.c.o  -o cmTC_04762 -lpthreads 
/usr/bin/ld: não foi possível encontrar -lpthreads
collect2: error: ld returned 1 exit status
CMakeFiles/cmTC_04762.dir/build.make:97: recipe for target 'cmTC_04762' failed
make[2]: *** [cmTC_04762] Error 1
make[2]: Leaving directory '/home/geral/ClionProjects/PCINFO2016/MontanhaRussa_Thread/cmake-build-debug/CMakeFiles/CMakeTmp'
Makefile:126: recipe for target 'cmTC_04762/fast' failed
make[1]: *** [cmTC_04762/fast] Error 2
make[1]: Leaving directory '/home/geral/ClionProjects/PCINFO2016/MontanhaRussa_Thread/cmake-build-debug/CMakeFiles/CMakeTmp'


